<?xml version="1.0" encoding="UTF-8"?>
<Site BuildName="(empty)"
	BuildStamp="20250112-0001-Experimental"
	Name="(empty)"
	Generator="ctest-3.28.3"
	CompilerName=""
	CompilerVersion=""
	OSName="Linux"
	Hostname="dima-VMware-Virtual-Platform"
	OSRelease="6.8.0-47-generic"
	OSVersion="#47-Ubuntu SMP PREEMPT_DYNAMIC Fri Sep 27 21:40:26 UTC 2024"
	OSPlatform="x86_64"
	Is64Bits="1"
	VendorString="GenuineIntel"
	VendorID="Intel Corporation"
	FamilyID="6"
	ModelID="154"
	ProcessorCacheSize="10240"
	NumberOfLogicalCPU="2"
	NumberOfPhysicalCPU="2"
	TotalVirtualMemory="2047"
	TotalPhysicalMemory="1919"
	LogicalProcessorsPerPhysical="1"
	ProcessorClockFrequency="2496"
	>
	<Testing>
		<StartDateTime>Jan 12 03:17 MSK</StartDateTime>
		<StartTestTime>1736641079</StartTestTime>
		<TestList>
			<Test>./build/test/Test1</Test>
		</TestList>
		<Test Status="failed">
			<Name>Test1</Name>
			<Path>./build/test</Path>
			<FullName>./build/test/Test1</FullName>
			<FullCommandLine>/home/dima/Projects/edu/MyStarWars/build/bin/test1</FullCommandLine>
			<Results>
				<NamedMeasurement type="text/string" name="Exit Code">
					<Value>Failed</Value>
				</NamedMeasurement>
				<NamedMeasurement type="text/string" name="Exit Value">
					<Value>201</Value>
				</NamedMeasurement>
				<NamedMeasurement type="numeric/double" name="Execution Time">
					<Value>0.0547039</Value>
				</NamedMeasurement>
				<NamedMeasurement type="numeric/double" name="Processors">
					<Value>1</Value>
				</NamedMeasurement>
				<NamedMeasurement type="text/string" name="Completion Status">
					<Value>Completed</Value>
				</NamedMeasurement>
				<NamedMeasurement type="text/string" name="Command Line">
					<Value>/home/dima/Projects/edu/MyStarWars/build/bin/test1</Value>
				</NamedMeasurement>
				<NamedMeasurement type="text/string" name="Environment">
					<Value>#CTEST_RESOURCE_GROUP_COUNT=</Value>
				</NamedMeasurement>
				<Measurement>
					<Value encoding="base64" compression="gzip">eJylkT1PwzAQhvf+hS5HpjZSkzixQz4UFlaQEAwdKhRZ9tEYGjvYDhL8epIwtGJDLCeddO+j99E9jlorfQQCHp0HwR1GUbSKO9NjLFXP4wdrXlF4F6Mc4/vPJ8/tnlsXz/fLaEnbmw+8NT3XMhLDsMnotoL1gdQZqWnZo7XGVqA0BPM9WVIkqEB0KN7A4heBpgF8H6HjDl64OqGEA41ylmaUFcl1RkqW4i4jCVw1wJ7Xh6TOypn936bsL03dwAW6Tg27myP6OyO4V0ZvtsvaCmOsVJpPmQ3ZzkbFL5+SJjnLJyNKUpozOhmldDYqLo1W5z5hGEK6AEaLDrhFkOgnx4k3lfQd/rytN3I8IQRn6WB1QfwGwuuXpQ==</Value>
				</Measurement>
			</Results>
		</Test>
		<EndDateTime>Jan 12 03:17 MSK</EndDateTime>
		<EndTestTime>1736641079</EndTestTime>
		<ElapsedMinutes>0</ElapsedMinutes>
	</Testing>
</Site>
