Start testing: Jan 15 23:53 MSK
----------------------------------------------------------
1/1 Testing: Test1
1/1 Test: Test1
Command: "/home/dima/Projects/edu/MyStarWars/build/bin/test1"
Directory: /home/dima/Projects/edu/MyStarWars/build/build/test
"Test1" start time: Jan 15 23:53 MSK
Output:
----------------------------------------------------------
Running 1 test case...
/home/dima/Projects/edu/MyStarWars/test/test_1_moveComand.cpp(36): [1;31;49merror: in "test1/test1": check rez1 == equ has failed [944169997 != 5][0;39;49m
/home/dima/Projects/edu/MyStarWars/test/test_1_moveComand.cpp(37): [1;31;49merror: in "test1/test1": check spaceship->getLocation()->get_coordinates(1) == 8 has failed [29488 != 8][0;39;49m

[1;31;49m*** 2 failures are detected in the test module "MyStarWars"
[0;39;49m
<end of output>
Test time =   0.04 sec
----------------------------------------------------------
Test Failed.
"Test1" end time: Jan 15 23:53 MSK
"Test1" time elapsed: 00:00:00
----------------------------------------------------------

End testing: Jan 15 23:53 MSK
