<?xml version="1.0" encoding="UTF-8"?>
<Site BuildName="(empty)"
	BuildStamp="20250126-1851-Experimental"
	Name="(empty)"
	Generator="ctest-3.28.3"
	CompilerName=""
	CompilerVersion=""
	OSName="Linux"
	Hostname="dima-VMware-Virtual-Platform"
	OSRelease="6.8.0-51-generic"
	OSVersion="#52-Ubuntu SMP PREEMPT_DYNAMIC Thu Dec  5 13:09:44 UTC 2024"
	OSPlatform="x86_64"
	Is64Bits="1"
	VendorString="GenuineIntel"
	VendorID="Intel Corporation"
	FamilyID="6"
	ModelID="154"
	ProcessorCacheSize="10240"
	NumberOfLogicalCPU="2"
	NumberOfPhysicalCPU="2"
	TotalVirtualMemory="2047"
	TotalPhysicalMemory="1919"
	LogicalProcessorsPerPhysical="1"
	ProcessorClockFrequency="2496"
	>
	<Testing>
		<StartDateTime>Jan 26 22:20 MSK</StartDateTime>
		<StartTestTime>1737919224</StartTestTime>
		<TestList>
			<Test>./build/test/Test4</Test>
		</TestList>
		<Test Status="passed">
			<Name>Test4</Name>
			<Path>./build/test</Path>
			<FullName>./build/test/Test4</FullName>
			<FullCommandLine>/home/dima/Projects/edu/MyStarWars/build/bin/test4</FullCommandLine>
			<Results>
				<NamedMeasurement type="numeric/double" name="Execution Time">
					<Value>0.0221582</Value>
				</NamedMeasurement>
				<NamedMeasurement type="numeric/double" name="Processors">
					<Value>1</Value>
				</NamedMeasurement>
				<NamedMeasurement type="text/string" name="Completion Status">
					<Value>Completed</Value>
				</NamedMeasurement>
				<NamedMeasurement type="text/string" name="Command Line">
					<Value>/home/dima/Projects/edu/MyStarWars/build/bin/test4</Value>
				</NamedMeasurement>
				<NamedMeasurement type="text/string" name="Environment">
					<Value>#CTEST_RESOURCE_GROUP_COUNT=</Value>
				</NamedMeasurement>
				<Measurement>
					<Value>Running 1 test case...

[NON-XML-CHAR-0x1B][1;32;49m*** No errors detected
[NON-XML-CHAR-0x1B][0;39;49m
</Value>
				</Measurement>
			</Results>
		</Test>
		<EndDateTime>Jan 26 22:20 MSK</EndDateTime>
		<EndTestTime>1737919225</EndTestTime>
		<ElapsedMinutes>0</ElapsedMinutes>
	</Testing>
</Site>
